  [1m[35m (529.6ms)[0m  [1m[35mCREATE DATABASE "ninety_nine_cats_development" ENCODING = 'unicode'[0m
  [1m[35m (41.3ms)[0m  [1m[35mCREATE DATABASE "ninety_nine_cats_test" ENCODING = 'unicode'[0m
  [1m[35m (73.9ms)[0m  [1m[35mCREATE TABLE "schema_migrations" ("version" character varying NOT NULL PRIMARY KEY)[0m
  [1m[35m (8.8ms)[0m  [1m[35mCREATE TABLE "ar_internal_metadata" ("key" character varying NOT NULL PRIMARY KEY, "value" character varying, "created_at" timestamp(6) NOT NULL, "updated_at" timestamp(6) NOT NULL)[0m
  [1m[35m (0.8ms)[0m  [1m[34mSELECT pg_try_advisory_lock(723150122408807205)[0m
  [1m[36mActiveRecord::SchemaMigration Pluck (0.5ms)[0m  [1m[34mSELECT "schema_migrations"."version" FROM "schema_migrations" ORDER BY "schema_migrations"."version" ASC[0m
Migrating to CreateCats (20220916204251)
  [1m[36mTRANSACTION (0.1ms)[0m  [1m[35mBEGIN[0m
  [1m[35m (4.8ms)[0m  [1m[35mCREATE TABLE "cats" ("id" bigserial primary key, "birth_date" timestamp(6) NOT NULL, "color" character varying NOT NULL, "name" character varying NOT NULL, "sex" character varying(1) NOT NULL, "description" text, "created_at" timestamp(6) NOT NULL, "updated_at" timestamp(6) NOT NULL)[0m
  [1m[36mActiveRecord::SchemaMigration Create (0.3ms)[0m  [1m[32mINSERT INTO "schema_migrations" ("version") VALUES ($1) RETURNING "version"[0m  [["version", "20220916204251"]]
  [1m[36mTRANSACTION (0.5ms)[0m  [1m[35mCOMMIT[0m
  [1m[36mActiveRecord::InternalMetadata Load (0.3ms)[0m  [1m[34mSELECT "ar_internal_metadata".* FROM "ar_internal_metadata" WHERE "ar_internal_metadata"."key" = $1 LIMIT $2[0m  [["key", "environment"], ["LIMIT", 1]]
  [1m[36mTRANSACTION (0.1ms)[0m  [1m[35mBEGIN[0m
  [1m[36mActiveRecord::InternalMetadata Create (0.6ms)[0m  [1m[32mINSERT INTO "ar_internal_metadata" ("key", "value", "created_at", "updated_at") VALUES ($1, $2, $3, $4) RETURNING "key"[0m  [["key", "environment"], ["value", "development"], ["created_at", "2022-09-16 20:46:54.951954"], ["updated_at", "2022-09-16 20:46:54.951954"]]
  [1m[36mTRANSACTION (0.5ms)[0m  [1m[35mCOMMIT[0m
  [1m[35m (0.4ms)[0m  [1m[34mSELECT pg_advisory_unlock(723150122408807205)[0m
  [1m[36mActiveRecord::SchemaMigration Pluck (0.5ms)[0m  [1m[34mSELECT "schema_migrations"."version" FROM "schema_migrations" ORDER BY "schema_migrations"."version" ASC[0m
  [1m[35m (114.1ms)[0m  [1m[35mCREATE DATABASE "ninety_nine_cats_development" ENCODING = 'unicode'[0m
  [1m[35m (98.5ms)[0m  [1m[35mCREATE DATABASE "ninety_nine_cats_test" ENCODING = 'unicode'[0m
  [1m[35m (8.9ms)[0m  [1m[35mCREATE TABLE "schema_migrations" ("version" character varying NOT NULL PRIMARY KEY)[0m
  [1m[35m (7.1ms)[0m  [1m[35mCREATE TABLE "ar_internal_metadata" ("key" character varying NOT NULL PRIMARY KEY, "value" character varying, "created_at" timestamp(6) NOT NULL, "updated_at" timestamp(6) NOT NULL)[0m
  [1m[35m (0.2ms)[0m  [1m[34mSELECT pg_try_advisory_lock(723150122408807205)[0m
  [1m[36mActiveRecord::SchemaMigration Pluck (0.4ms)[0m  [1m[34mSELECT "schema_migrations"."version" FROM "schema_migrations" ORDER BY "schema_migrations"."version" ASC[0m
Migrating to CreateCats (20220916204251)
  [1m[36mTRANSACTION (0.3ms)[0m  [1m[35mBEGIN[0m
  [1m[35m (7.5ms)[0m  [1m[35mCREATE TABLE "cats" ("id" bigserial primary key, "birth_date" timestamp(6) NOT NULL, "color" character varying NOT NULL, "name" character varying NOT NULL, "sex" character varying(1) NOT NULL, "description" text, "created_at" timestamp(6) NOT NULL, "updated_at" timestamp(6) NOT NULL)[0m
  [1m[36mActiveRecord::SchemaMigration Create (0.7ms)[0m  [1m[32mINSERT INTO "schema_migrations" ("version") VALUES ($1) RETURNING "version"[0m  [["version", "20220916204251"]]
  [1m[36mTRANSACTION (1.3ms)[0m  [1m[35mCOMMIT[0m
  [1m[36mActiveRecord::InternalMetadata Load (1.1ms)[0m  [1m[34mSELECT "ar_internal_metadata".* FROM "ar_internal_metadata" WHERE "ar_internal_metadata"."key" = $1 LIMIT $2[0m  [["key", "environment"], ["LIMIT", 1]]
  [1m[36mTRANSACTION (0.6ms)[0m  [1m[35mBEGIN[0m
  [1m[36mActiveRecord::InternalMetadata Create (1.1ms)[0m  [1m[32mINSERT INTO "ar_internal_metadata" ("key", "value", "created_at", "updated_at") VALUES ($1, $2, $3, $4) RETURNING "key"[0m  [["key", "environment"], ["value", "development"], ["created_at", "2022-09-16 20:58:57.094465"], ["updated_at", "2022-09-16 20:58:57.094465"]]
  [1m[36mTRANSACTION (1.7ms)[0m  [1m[35mCOMMIT[0m
  [1m[35m (0.4ms)[0m  [1m[34mSELECT pg_advisory_unlock(723150122408807205)[0m
  [1m[36mActiveRecord::SchemaMigration Pluck (0.8ms)[0m  [1m[34mSELECT "schema_migrations"."version" FROM "schema_migrations" ORDER BY "schema_migrations"."version" ASC[0m
  [1m[36mCat Load (0.5ms)[0m  [1m[34mSELECT "cats".* FROM "cats"[0m
  [1m[36mTRANSACTION (0.4ms)[0m  [1m[35mBEGIN[0m
  [1m[36mCat Create (0.5ms)[0m  [1m[32mINSERT INTO "cats" ("birth_date", "color", "name", "sex", "description", "created_at", "updated_at") VALUES ($1, $2, $3, $4, $5, $6, $7) RETURNING "id"[0m  [["birth_date", "2020-01-01 00:00:00"], ["color", "white"], ["name", "Cat"], ["sex", "M"], ["description", nil], ["created_at", "2022-09-16 21:52:37.207130"], ["updated_at", "2022-09-16 21:52:37.207130"]]
  [1m[36mTRANSACTION (7.2ms)[0m  [1m[35mCOMMIT[0m
  [1m[36mTRANSACTION (1.1ms)[0m  [1m[35mBEGIN[0m
  [1m[36mCat Create (1.2ms)[0m  [1m[32mINSERT INTO "cats" ("birth_date", "color", "name", "sex", "description", "created_at", "updated_at") VALUES ($1, $2, $3, $4, $5, $6, $7) RETURNING "id"[0m  [["birth_date", "2020-01-01 00:00:00"], ["color", "black"], ["name", "Cat"], ["sex", "F"], ["description", nil], ["created_at", "2022-09-16 21:53:02.293841"], ["updated_at", "2022-09-16 21:53:02.293841"]]
  [1m[36mTRANSACTION (13.4ms)[0m  [1m[35mCOMMIT[0m
  [1m[36mCat Load (0.5ms)[0m  [1m[34mSELECT "cats".* FROM "cats"[0m
Started GET "/" for ::1 at 2022-09-16 14:53:35 -0700
  [1m[36mActiveRecord::SchemaMigration Pluck (0.6ms)[0m  [1m[34mSELECT "schema_migrations"."version" FROM "schema_migrations" ORDER BY "schema_migrations"."version" ASC[0m

SyntaxError - syntax error, unexpected label, expecting '='
...rror.full_message, status_code: 422
...                   ^~~~~~~~~~~~:
  app/controllers/cats_controller.rb:12:in `'

Started POST "/__better_errors/393d76e86bbb34f1/variables" for ::1 at 2022-09-16 14:53:36 -0700
Started GET "/" for ::1 at 2022-09-16 14:54:31 -0700
Processing by CatsController#index as HTML
Completed 500 Internal Server Error in 16ms (ActiveRecord: 0.0ms | Allocations: 4045)



ActionView::MissingTemplate - Missing template cats/index, application/index with {:locale=>[:en], :formats=>[:html], :variants=>[], :handlers=>[:raw, :erb, :html, :builder, :ruby]}.
Searched in:
  * "/home/vcaracol/App_Academy/Classwork/W6D5/w6_d5/ninety-nine-cats/app/views"
Did you mean?  layouts/cats/index
               layouts/application:
  app/controllers/cats_controller.rb:4:in `index'

Started POST "/__better_errors/fdf4cfe41267a21a/variables" for ::1 at 2022-09-16 14:54:31 -0700
  [1m[36mCat Load (0.4ms)[0m  [1m[34mSELECT "cats".* FROM "cats" /* loading for inspect */ LIMIT $1[0m  [["LIMIT", 11]]
  ↳ (eval):72:in `block in render'
Started GET "/" for ::1 at 2022-09-16 14:55:18 -0700
Processing by CatsController#index as HTML
  Rendering layout layouts/application.html.erb
  Rendering cats/index.html.erb within layouts/application
  Rendered cats/index.html.erb within layouts/application (Duration: 5.2ms | Allocations: 1907)
  Rendered layout layouts/application.html.erb (Duration: 6.1ms | Allocations: 2017)
Completed 500 Internal Server Error in 28ms (ActiveRecord: 0.0ms | Allocations: 3208)



ActionView::SyntaxErrorInTemplate - Encountered a syntax error while rendering template: check <h1> Cat Index </h1>
<ul> 
    <% @cats.each do |cat| %>
    <li> <%= cat.name %> </li>
    <li> <%= cat.birth_date %> </li>
    <li> <%= cat.color %> </li>
    <li> <%= cat.sex %> </li>    
</ul>
<a href="cat_url(@cat)" > profile </a>
c = Cat.create!(birth_date: '2020/01/01', name: 'Cat', sex: 'M', color: 'white')
c2:
  app/controllers/cats_controller.rb:4:in `index'

Started POST "/__better_errors/b863843246178fca/variables" for ::1 at 2022-09-16 14:55:19 -0700
  [1m[36mCat Load (0.4ms)[0m  [1m[34mSELECT "cats".* FROM "cats" /* loading for inspect */ LIMIT $1[0m  [["LIMIT", 11]]
  ↳ (eval):72:in `block in render'
Started GET "/" for ::1 at 2022-09-16 14:55:51 -0700
Processing by CatsController#index as HTML
  Rendering layout layouts/application.html.erb
  Rendering cats/index.html.erb within layouts/application
  Rendered cats/index.html.erb within layouts/application (Duration: 1.3ms | Allocations: 1627)
  Rendered layout layouts/application.html.erb (Duration: 1.5ms | Allocations: 1717)
Completed 500 Internal Server Error in 3ms (ActiveRecord: 0.0ms | Allocations: 2418)



ActionView::SyntaxErrorInTemplate - Encountered a syntax error while rendering template: check <h1> Cat Index </h1>
<ul> 
    <% @cats.each do |cat| %>
    <li> <%= cat.name %> </li>
    <li> <%= cat.birth_date %> </li>
    <li> <%= cat.color %> </li>
    <li> <%= cat.sex %> </li>    
</ul>
<a href="cat_url(@cat)" > profile </a>:
  app/controllers/cats_controller.rb:4:in `index'

Started POST "/__better_errors/f017d1f2543fec9f/variables" for ::1 at 2022-09-16 14:55:51 -0700
  [1m[36mCat Load (1.1ms)[0m  [1m[34mSELECT "cats".* FROM "cats" /* loading for inspect */ LIMIT $1[0m  [["LIMIT", 11]]
  ↳ (eval):72:in `block in render'
Started GET "/" for ::1 at 2022-09-16 14:55:52 -0700
Processing by CatsController#index as HTML
  Rendering layout layouts/application.html.erb
  Rendering cats/index.html.erb within layouts/application
  Rendered cats/index.html.erb within layouts/application (Duration: 1.0ms | Allocations: 1606)
  Rendered layout layouts/application.html.erb (Duration: 1.5ms | Allocations: 1688)
Completed 500 Internal Server Error in 2ms (ActiveRecord: 0.0ms | Allocations: 1927)



ActionView::SyntaxErrorInTemplate - Encountered a syntax error while rendering template: check <h1> Cat Index </h1>
<ul> 
    <% @cats.each do |cat| %>
    <li> <%= cat.name %> </li>
    <li> <%= cat.birth_date %> </li>
    <li> <%= cat.color %> </li>
    <li> <%= cat.sex %> </li>    
</ul>
<a href="cat_url(@cat)" > profile </a>:
  app/controllers/cats_controller.rb:4:in `index'

Started POST "/__better_errors/93f3ab25e9ccbc4f/variables" for ::1 at 2022-09-16 14:55:52 -0700
  [1m[36mCat Load (0.3ms)[0m  [1m[34mSELECT "cats".* FROM "cats" /* loading for inspect */ LIMIT $1[0m  [["LIMIT", 11]]
  ↳ (eval):72:in `block in render'
Started GET "/" for ::1 at 2022-09-16 14:56:44 -0700
Processing by CatsController#index as HTML
  Rendering layout layouts/application.html.erb
  Rendering cats/index.html.erb within layouts/application
  Rendered cats/index.html.erb within layouts/application (Duration: 5.9ms | Allocations: 1634)
  Rendered layout layouts/application.html.erb (Duration: 10.8ms | Allocations: 1723)
Completed 500 Internal Server Error in 21ms (ActiveRecord: 0.0ms | Allocations: 2412)



ActionView::SyntaxErrorInTemplate - Encountered a syntax error while rendering template: check <%# <h1> Cat Index </h1> %>
<ul> 
    <% @cats.each do |cat| %>
    <li> <%= cat.name %> </li>
    <li> <%= cat.birth_date %> </li>
    <li> <%= cat.color %> </li>
    <li> <%= cat.sex %> </li>    
</ul>
<a href="cat_url(@cat)" > profile </a>:
  app/controllers/cats_controller.rb:4:in `index'

Started POST "/__better_errors/716a68e77d1a9d3b/variables" for ::1 at 2022-09-16 14:56:44 -0700
  [1m[36mCat Load (1.1ms)[0m  [1m[34mSELECT "cats".* FROM "cats" /* loading for inspect */ LIMIT $1[0m  [["LIMIT", 11]]
  ↳ (eval):72:in `block in render'
Started GET "/" for ::1 at 2022-09-16 14:56:44 -0700
Processing by CatsController#index as HTML
  Rendering layout layouts/application.html.erb
  Rendering cats/index.html.erb within layouts/application
  Rendered cats/index.html.erb within layouts/application (Duration: 2.9ms | Allocations: 1615)
  Rendered layout layouts/application.html.erb (Duration: 4.2ms | Allocations: 1697)
Completed 500 Internal Server Error in 6ms (ActiveRecord: 0.0ms | Allocations: 1937)



ActionView::SyntaxErrorInTemplate - Encountered a syntax error while rendering template: check <%# <h1> Cat Index </h1> %>
<ul> 
    <% @cats.each do |cat| %>
    <li> <%= cat.name %> </li>
    <li> <%= cat.birth_date %> </li>
    <li> <%= cat.color %> </li>
    <li> <%= cat.sex %> </li>    
</ul>
<a href="cat_url(@cat)" > profile </a>:
  app/controllers/cats_controller.rb:4:in `index'

Started POST "/__better_errors/f8df01aabeacdaab/variables" for ::1 at 2022-09-16 14:56:45 -0700
  [1m[36mCat Load (14.1ms)[0m  [1m[34mSELECT "cats".* FROM "cats" /* loading for inspect */ LIMIT $1[0m  [["LIMIT", 11]]
  ↳ (eval):72:in `block in render'
Started GET "/" for ::1 at 2022-09-16 14:56:57 -0700
Processing by CatsController#index as HTML
  Rendering layout layouts/application.html.erb
  Rendering cats/index.html.erb within layouts/application
  Rendered cats/index.html.erb within layouts/application (Duration: 1.0ms | Allocations: 1621)
  Rendered layout layouts/application.html.erb (Duration: 1.4ms | Allocations: 1710)
Completed 500 Internal Server Error in 4ms (ActiveRecord: 0.0ms | Allocations: 2399)



ActionView::SyntaxErrorInTemplate - Encountered a syntax error while rendering template: check 
<ul> 
    <% @cats.each do |cat| %>
    <li> <%= cat.name %> </li>
    <li> <%= cat.birth_date %> </li>
    <li> <%= cat.color %> </li>
    <li> <%= cat.sex %> </li>    
</ul>
<a href="cat_url(@cat)" > profile </a>:
  app/controllers/cats_controller.rb:4:in `index'

Started POST "/__better_errors/ac67e4e2d5646156/variables" for ::1 at 2022-09-16 14:56:57 -0700
  [1m[36mCat Load (0.3ms)[0m  [1m[34mSELECT "cats".* FROM "cats" /* loading for inspect */ LIMIT $1[0m  [["LIMIT", 11]]
  ↳ (eval):72:in `block in render'
Started GET "/users/new" for ::1 at 2022-09-16 14:59:44 -0700
  [1m[36mActiveRecord::SchemaMigration Pluck (0.7ms)[0m  [1m[34mSELECT "schema_migrations"."version" FROM "schema_migrations" ORDER BY "schema_migrations"."version" ASC[0m
  
ActionController::RoutingError (No route matches [GET] "/users/new"):
  
Started GET "/" for ::1 at 2022-09-16 14:59:45 -0700
Processing by CatsController#index as HTML
  Rendering layout layouts/application.html.erb
  Rendering cats/index.html.erb within layouts/application
  [1m[36mCat Load (1.5ms)[0m  [1m[34mSELECT "cats".* FROM "cats"[0m
  ↳ app/views/cats/index.html.erb:3
  Rendered cats/index.html.erb within layouts/application (Duration: 8.2ms | Allocations: 1047)
  Rendered layout layouts/application.html.erb (Duration: 26.7ms | Allocations: 7425)
Completed 200 OK in 37ms (Views: 29.7ms | ActiveRecord: 1.5ms | Allocations: 9248)


  [1m[36mTRANSACTION (0.2ms)[0m  [1m[35mBEGIN[0m
  [1m[36mCat Create (0.6ms)[0m  [1m[32mINSERT INTO "cats" ("birth_date", "color", "name", "sex", "description", "created_at", "updated_at") VALUES ($1, $2, $3, $4, $5, $6, $7) RETURNING "id"[0m  [["birth_date", "2000-01-01 00:00:00"], ["color", "white"], ["name", "cat"], ["sex", "M"], ["description", nil], ["created_at", "2022-09-16 22:01:56.501300"], ["updated_at", "2022-09-16 22:01:56.501300"]]
  [1m[36mTRANSACTION (60.2ms)[0m  [1m[35mCOMMIT[0m
  [1m[36mCat Load (0.4ms)[0m  [1m[34mSELECT "cats".* FROM "cats"[0m
  [1m[36mTRANSACTION (0.2ms)[0m  [1m[35mBEGIN[0m
  [1m[36mCat Create (0.7ms)[0m  [1m[32mINSERT INTO "cats" ("birth_date", "color", "name", "sex", "description", "created_at", "updated_at") VALUES ($1, $2, $3, $4, $5, $6, $7) RETURNING "id"[0m  [["birth_date", "2000-01-01 00:00:00"], ["color", "white"], ["name", "cat2"], ["sex", "M"], ["description", nil], ["created_at", "2022-09-16 22:02:25.893840"], ["updated_at", "2022-09-16 22:02:25.893840"]]
  [1m[36mTRANSACTION (60.2ms)[0m  [1m[35mCOMMIT[0m
  [1m[36mTRANSACTION (0.1ms)[0m  [1m[35mBEGIN[0m
  [1m[36mCat Create (0.4ms)[0m  [1m[32mINSERT INTO "cats" ("birth_date", "color", "name", "sex", "description", "created_at", "updated_at") VALUES ($1, $2, $3, $4, $5, $6, $7) RETURNING "id"[0m  [["birth_date", "2000-01-01 00:00:00"], ["color", "white"], ["name", "cat3"], ["sex", "M"], ["description", nil], ["created_at", "2022-09-16 22:02:34.150275"], ["updated_at", "2022-09-16 22:02:34.150275"]]
  [1m[36mTRANSACTION (60.2ms)[0m  [1m[35mCOMMIT[0m
Started GET "/" for ::1 at 2022-09-16 15:02:43 -0700
  [1m[36mActiveRecord::SchemaMigration Pluck (0.5ms)[0m  [1m[34mSELECT "schema_migrations"."version" FROM "schema_migrations" ORDER BY "schema_migrations"."version" ASC[0m
Processing by CatsController#index as HTML
  Rendering layout layouts/application.html.erb
  Rendering cats/index.html.erb within layouts/application
  [1m[36mCat Load (0.5ms)[0m  [1m[34mSELECT "cats".* FROM "cats"[0m
  ↳ app/views/cats/index.html.erb:3
  Rendered cats/index.html.erb within layouts/application (Duration: 24.9ms | Allocations: 6973)
  Rendered layout layouts/application.html.erb (Duration: 44.5ms | Allocations: 10538)
Completed 200 OK in 56ms (Views: 43.2ms | ActiveRecord: 7.1ms | Allocations: 13750)


Started GET "/" for ::1 at 2022-09-16 15:03:49 -0700
Processing by CatsController#index as HTML
  Rendering layout layouts/application.html.erb
  Rendering cats/index.html.erb within layouts/application
  [1m[36mCat Load (0.4ms)[0m  [1m[34mSELECT "cats".* FROM "cats"[0m
  ↳ app/views/cats/index.html.erb:3
  Rendered cats/index.html.erb within layouts/application (Duration: 5.8ms | Allocations: 1015)
  Rendered layout layouts/application.html.erb (Duration: 10.8ms | Allocations: 2546)
Completed 200 OK in 13ms (Views: 12.5ms | ActiveRecord: 0.4ms | Allocations: 3259)


Started GET "/cat_url(@cat)" for ::1 at 2022-09-16 15:03:56 -0700
  
ActionController::RoutingError (No route matches [GET] "/cat_url(@cat)"):
  
Started GET "/" for ::1 at 2022-09-16 15:04:27 -0700

SyntaxError - syntax error, unexpected label, expecting '='
...rror.full_message, status_code: 422
...                   ^~~~~~~~~~~~:
  app/controllers/cats_controller.rb:12:in `'

Started POST "/__better_errors/330990e7c7e1c701/variables" for ::1 at 2022-09-16 15:04:27 -0700
Started GET "/" for ::1 at 2022-09-16 15:04:44 -0700

SyntaxError - syntax error, unexpected label, expecting '='
...ror.full_messages, status_code: 422
...                   ^~~~~~~~~~~~:
  app/controllers/cats_controller.rb:12:in `'

Started POST "/__better_errors/80b55ddf17a7fb1d/variables" for ::1 at 2022-09-16 15:04:44 -0700
Started GET "/" for ::1 at 2022-09-16 15:05:02 -0700

SyntaxError - syntax error, unexpected label, expecting '='
...ors.full_messages, status_code: 422
...                   ^~~~~~~~~~~~:
  app/controllers/cats_controller.rb:12:in `'

Started POST "/__better_errors/9c1b4b8d4cf37054/variables" for ::1 at 2022-09-16 15:05:02 -0700
Started GET "/" for ::1 at 2022-09-16 15:05:47 -0700
Processing by CatsController#index as HTML
  Rendering layout layouts/application.html.erb
  Rendering cats/index.html.erb within layouts/application
  [1m[36mCat Load (0.3ms)[0m  [1m[34mSELECT "cats".* FROM "cats"[0m
  ↳ app/views/cats/index.html.erb:3
  Rendered cats/index.html.erb within layouts/application (Duration: 15.2ms | Allocations: 3313)
  Rendered layout layouts/application.html.erb (Duration: 18.9ms | Allocations: 4856)
Completed 200 OK in 23ms (Views: 15.6ms | ActiveRecord: 5.4ms | Allocations: 6492)


Started GET "/cat_url(@cat)" for ::1 at 2022-09-16 15:05:54 -0700
  
ActionController::RoutingError (No route matches [GET] "/cat_url(@cat)"):
  
Started GET "/" for ::1 at 2022-09-16 15:06:15 -0700
Processing by CatsController#index as HTML
  Rendering layout layouts/application.html.erb
  Rendering cats/index.html.erb within layouts/application
  [1m[36mCat Load (0.4ms)[0m  [1m[34mSELECT "cats".* FROM "cats"[0m
  ↳ app/views/cats/index.html.erb:3
  Rendered cats/index.html.erb within layouts/application (Duration: 3.3ms | Allocations: 1002)
  Rendered layout layouts/application.html.erb (Duration: 8.2ms | Allocations: 2528)
Completed 200 OK in 11ms (Views: 10.2ms | ActiveRecord: 0.4ms | Allocations: 3228)


Started GET "/cat_url" for ::1 at 2022-09-16 15:06:19 -0700
  
ActionController::RoutingError (No route matches [GET] "/cat_url"):
  
Started GET "/" for ::1 at 2022-09-16 15:08:03 -0700
Started GET "/" for ::1 at 2022-09-16 15:08:03 -0700
  [1m[36mActiveRecord::SchemaMigration Pluck (0.9ms)[0m  [1m[34mSELECT "schema_migrations"."version" FROM "schema_migrations" ORDER BY "schema_migrations"."version" ASC[0m
Processing by CatsController#index as HTML
Processing by CatsController#index as HTML
  Rendering layout layouts/application.html.erb
  Rendering layout layouts/application.html.erb
  Rendering cats/index.html.erb within layouts/application
  Rendering cats/index.html.erb within layouts/application
  [1m[36mCat Load (1.1ms)[0m  [1m[34mSELECT "cats".* FROM "cats"[0m
  ↳ app/views/cats/index.html.erb:3
  Rendered cats/index.html.erb within layouts/application (Duration: 23.7ms | Allocations: 8834)
  [1m[36mCat Load (1.1ms)[0m  [1m[34mSELECT "cats".* FROM "cats"[0m
  ↳ app/views/cats/index.html.erb:3
  Rendered cats/index.html.erb within layouts/application (Duration: 40.4ms | Allocations: 12585)
  Rendered layout layouts/application.html.erb (Duration: 51.9ms | Allocations: 16366)
  Rendered layout layouts/application.html.erb (Duration: 52.1ms | Allocations: 16407)
Completed 200 OK in 62ms (Views: 31.3ms | ActiveRecord: 27.8ms | Allocations: 19804)


Completed 200 OK in 63ms (Views: 54.6ms | ActiveRecord: 6.2ms | Allocations: 19987)


Started GET "/cat_url" for ::1 at 2022-09-16 15:08:05 -0700
  
ActionController::RoutingError (No route matches [GET] "/cat_url"):
  
Started GET "/" for ::1 at 2022-09-16 15:11:04 -0700
Processing by CatsController#index as HTML
  Rendering layout layouts/application.html.erb
  Rendering cats/index.html.erb within layouts/application
  [1m[36mCat Load (0.7ms)[0m  [1m[34mSELECT "cats".* FROM "cats"[0m
  ↳ app/views/cats/index.html.erb:3
  Rendered cats/index.html.erb within layouts/application (Duration: 19.7ms | Allocations: 3346)
  Rendered layout layouts/application.html.erb (Duration: 43.6ms | Allocations: 4890)
Completed 200 OK in 48ms (Views: 38.4ms | ActiveRecord: 7.6ms | Allocations: 6526)


Started GET "/cat_url(cat)" for ::1 at 2022-09-16 15:11:06 -0700
  
ActionController::RoutingError (No route matches [GET] "/cat_url(cat)"):
  
Started GET "/" for ::1 at 2022-09-16 15:11:37 -0700
Processing by CatsController#index as HTML
  Rendering layout layouts/application.html.erb
  Rendering cats/index.html.erb within layouts/application
  [1m[36mCat Load (0.3ms)[0m  [1m[34mSELECT "cats".* FROM "cats"[0m
  ↳ app/views/cats/index.html.erb:3
  Rendered cats/index.html.erb within layouts/application (Duration: 3.8ms | Allocations: 999)
  Rendered layout layouts/application.html.erb (Duration: 8.9ms | Allocations: 2533)
Completed 200 OK in 11ms (Views: 10.6ms | ActiveRecord: 0.3ms | Allocations: 3243)


Started GET "/cats_url(cat)" for ::1 at 2022-09-16 15:11:38 -0700
  
ActionController::RoutingError (No route matches [GET] "/cats_url(cat)"):
  
Started GET "/cats_url(cat)" for ::1 at 2022-09-16 15:12:16 -0700
  
ActionController::RoutingError (No route matches [GET] "/cats_url(cat)"):
  
Started GET "/cats_url(cat)" for ::1 at 2022-09-16 15:12:25 -0700
  [1m[36mActiveRecord::SchemaMigration Pluck (0.5ms)[0m  [1m[34mSELECT "schema_migrations"."version" FROM "schema_migrations" ORDER BY "schema_migrations"."version" ASC[0m
  
ActionController::RoutingError (No route matches [GET] "/cats_url(cat)"):
  
Started GET "/cats_url(cat)" for ::1 at 2022-09-16 15:13:00 -0700
  
ActionController::RoutingError (No route matches [GET] "/cats_url(cat)"):
  
Started GET "/" for ::1 at 2022-09-16 15:13:40 -0700
Processing by CatsController#index as HTML
  Rendering layout layouts/application.html.erb
  Rendering cats/index.html.erb within layouts/application
  [1m[36mCat Load (0.5ms)[0m  [1m[34mSELECT "cats".* FROM "cats"[0m
  ↳ app/views/cats/index.html.erb:3
  Rendered cats/index.html.erb within layouts/application (Duration: 22.0ms | Allocations: 6877)
  Rendered layout layouts/application.html.erb (Duration: 43.8ms | Allocations: 10256)
Completed 200 OK in 51ms (Views: 43.4ms | ActiveRecord: 4.8ms | Allocations: 12119)


Started GET "/cats" for ::1 at 2022-09-16 15:13:41 -0700
Processing by CatsController#index as HTML
  Rendering layout layouts/application.html.erb
  Rendering cats/index.html.erb within layouts/application
  [1m[36mCat Load (1.2ms)[0m  [1m[34mSELECT "cats".* FROM "cats"[0m
  ↳ app/views/cats/index.html.erb:3
  Rendered cats/index.html.erb within layouts/application (Duration: 8.0ms | Allocations: 794)
  Rendered layout layouts/application.html.erb (Duration: 13.6ms | Allocations: 1963)
Completed 200 OK in 16ms (Views: 13.8ms | ActiveRecord: 1.2ms | Allocations: 2216)


Started GET "/cats" for ::1 at 2022-09-16 15:13:42 -0700
Processing by CatsController#index as HTML
  Rendering layout layouts/application.html.erb
  Rendering cats/index.html.erb within layouts/application
  [1m[36mCat Load (0.4ms)[0m  [1m[34mSELECT "cats".* FROM "cats"[0m
  ↳ app/views/cats/index.html.erb:3
  Rendered cats/index.html.erb within layouts/application (Duration: 4.1ms | Allocations: 732)
  Rendered layout layouts/application.html.erb (Duration: 7.0ms | Allocations: 1893)
Completed 200 OK in 9ms (Views: 7.7ms | ActiveRecord: 0.4ms | Allocations: 2098)


Started GET "/cats" for ::1 at 2022-09-16 15:13:52 -0700
Processing by CatsController#index as HTML
  Rendering layout layouts/application.html.erb
  Rendering cats/index.html.erb within layouts/application
  [1m[36mCat Load (0.3ms)[0m  [1m[34mSELECT "cats".* FROM "cats"[0m
  ↳ app/views/cats/index.html.erb:3
  Rendered cats/index.html.erb within layouts/application (Duration: 9.4ms | Allocations: 3479)
  Rendered layout layouts/application.html.erb (Duration: 9.8ms | Allocations: 3577)
Completed 500 Internal Server Error in 12ms (ActiveRecord: 0.3ms | Allocations: 4270)



ActionController::UrlGenerationError - No route matches {:action=>"show", :controller=>"cats"}, missing required keys: [:id]:
  app/views/cats/index.html.erb:10
  app/views/cats/index.html.erb:3
  app/controllers/cats_controller.rb:4:in `index'

Started POST "/__better_errors/78959d1457a1bec0/variables" for ::1 at 2022-09-16 15:13:52 -0700
Started GET "/" for ::1 at 2022-09-16 15:17:52 -0700
  [1m[36mActiveRecord::SchemaMigration Pluck (0.7ms)[0m  [1m[34mSELECT "schema_migrations"."version" FROM "schema_migrations" ORDER BY "schema_migrations"."version" ASC[0m
Processing by CatsController#index as HTML
  Rendering layout layouts/application.html.erb
  Rendering cats/index.html.erb within layouts/application
  [1m[36mCat Load (1.5ms)[0m  [1m[34mSELECT "cats".* FROM "cats"[0m
  ↳ app/views/cats/index.html.erb:3
  Rendered cats/index.html.erb within layouts/application (Duration: 27.8ms | Allocations: 9497)
  Rendered layout layouts/application.html.erb (Duration: 28.6ms | Allocations: 9607)
Completed 500 Internal Server Error in 39ms (ActiveRecord: 5.6ms | Allocations: 12773)



ActionController::UrlGenerationError - No route matches {:action=>"show", :controller=>"cats"}, missing required keys: [:id]:
  app/views/cats/index.html.erb:10
  app/views/cats/index.html.erb:3
  app/controllers/cats_controller.rb:4:in `index'

Started POST "/__better_errors/a815d2c4c1bb7eb1/variables" for ::1 at 2022-09-16 15:17:52 -0700
Started GET "/" for ::1 at 2022-09-16 15:18:25 -0700
Processing by CatsController#index as HTML
  Rendering layout layouts/application.html.erb
  Rendering cats/index.html.erb within layouts/application
  [1m[36mCat Load (1.3ms)[0m  [1m[34mSELECT "cats".* FROM "cats"[0m
  ↳ app/views/cats/index.html.erb:3
  Rendered cats/index.html.erb within layouts/application (Duration: 7.7ms | Allocations: 1090)
  Rendered layout layouts/application.html.erb (Duration: 54.3ms | Allocations: 7972)
Completed 200 OK in 56ms (Views: 54.9ms | ActiveRecord: 1.3ms | Allocations: 8733)


Started GET "/cats/1" for ::1 at 2022-09-16 15:18:28 -0700
Processing by CatsController#show as HTML
  Parameters: {"id"=>"1"}
  [1m[36mCat Load (0.4ms)[0m  [1m[34mSELECT "cats".* FROM "cats" WHERE "cats"."id" = $1 LIMIT $2[0m  [["id", 1], ["LIMIT", 1]]
  ↳ app/controllers/cats_controller.rb:8:in `show'
Completed 200 OK in 5ms (Views: 0.6ms | ActiveRecord: 0.6ms | Allocations: 3757)


Started GET "/" for ::1 at 2022-09-16 15:19:04 -0700
Processing by CatsController#index as HTML
  Rendering layout layouts/application.html.erb
  Rendering cats/index.html.erb within layouts/application
  [1m[36mCat Load (0.9ms)[0m  [1m[34mSELECT "cats".* FROM "cats"[0m
  ↳ app/views/cats/index.html.erb:3
  Rendered cats/index.html.erb within layouts/application (Duration: 5.4ms | Allocations: 706)
  Rendered layout layouts/application.html.erb (Duration: 14.1ms | Allocations: 2067)
Completed 200 OK in 17ms (Views: 15.2ms | ActiveRecord: 0.9ms | Allocations: 2295)


Started GET "/cats/2" for ::1 at 2022-09-16 15:19:11 -0700
Processing by CatsController#show as HTML
  Parameters: {"id"=>"2"}
  [1m[36mCat Load (0.3ms)[0m  [1m[34mSELECT "cats".* FROM "cats" WHERE "cats"."id" = $1 LIMIT $2[0m  [["id", 2], ["LIMIT", 1]]
  ↳ app/controllers/cats_controller.rb:8:in `show'
Completed 200 OK in 4ms (Views: 1.0ms | ActiveRecord: 0.3ms | Allocations: 698)


Started GET "/" for ::1 at 2022-09-16 15:27:23 -0700
Processing by CatsController#index as HTML
  Rendering layout layouts/application.html.erb
  Rendering cats/index.html.erb within layouts/application
  [1m[36mCat Load (0.8ms)[0m  [1m[34mSELECT "cats".* FROM "cats"[0m
  ↳ app/views/cats/index.html.erb:3
  Rendered cats/index.html.erb within layouts/application (Duration: 41.9ms | Allocations: 3864)
  Rendered layout layouts/application.html.erb (Duration: 47.2ms | Allocations: 5432)
Completed 200 OK in 51ms (Views: 50.7ms | ActiveRecord: 13.8ms | Allocations: 6110)


Started GET "/cats/1" for ::1 at 2022-09-16 15:27:24 -0700
Processing by CatsController#show as HTML
  Parameters: {"id"=>"1"}
  [1m[36mCat Load (0.3ms)[0m  [1m[34mSELECT "cats".* FROM "cats" WHERE "cats"."id" = $1 LIMIT $2[0m  [["id", 1], ["LIMIT", 1]]
  ↳ app/controllers/cats_controller.rb:8:in `show'
Completed 200 OK in 3ms (Views: 0.4ms | ActiveRecord: 0.6ms | Allocations: 802)


Started GET "/" for ::1 at 2022-09-16 15:28:39 -0700
Processing by CatsController#index as HTML
  Rendering layout layouts/application.html.erb
  Rendering cats/index.html.erb within layouts/application
  [1m[36mCat Load (1.1ms)[0m  [1m[34mSELECT "cats".* FROM "cats"[0m
  ↳ app/views/cats/index.html.erb:3
  Rendered cats/index.html.erb within layouts/application (Duration: 11.6ms | Allocations: 953)
  Rendered layout layouts/application.html.erb (Duration: 19.4ms | Allocations: 2528)
Completed 200 OK in 23ms (Views: 21.5ms | ActiveRecord: 1.1ms | Allocations: 3215)


Started GET "/cats/1" for ::1 at 2022-09-16 15:28:40 -0700
Processing by CatsController#show as HTML
  Parameters: {"id"=>"1"}
  [1m[36mCat Load (1.0ms)[0m  [1m[34mSELECT "cats".* FROM "cats" WHERE "cats"."id" = $1 LIMIT $2[0m  [["id", 1], ["LIMIT", 1]]
  ↳ app/controllers/cats_controller.rb:8:in `show'
Completed 200 OK in 7ms (Views: 1.1ms | ActiveRecord: 1.0ms | Allocations: 753)


Started GET "/" for ::1 at 2022-09-16 15:29:08 -0700
Processing by CatsController#index as HTML
  Rendering layout layouts/application.html.erb
  Rendering cats/index.html.erb within layouts/application
  [1m[36mCat Load (0.3ms)[0m  [1m[34mSELECT "cats".* FROM "cats"[0m
  ↳ app/views/cats/index.html.erb:3
  Rendered cats/index.html.erb within layouts/application (Duration: 13.2ms | Allocations: 3204)
  Rendered layout layouts/application.html.erb (Duration: 16.1ms | Allocations: 4631)
Completed 200 OK in 19ms (Views: 10.3ms | ActiveRecord: 6.8ms | Allocations: 5997)


Started GET "/cats/1" for ::1 at 2022-09-16 15:29:10 -0700
Processing by CatsController#show as HTML
  Parameters: {"id"=>"1"}
  [1m[36mCat Load (0.4ms)[0m  [1m[34mSELECT "cats".* FROM "cats" WHERE "cats"."id" = $1 LIMIT $2[0m  [["id", 1], ["LIMIT", 1]]
  ↳ app/controllers/cats_controller.rb:8:in `show'
Completed 500 Internal Server Error in 4ms (ActiveRecord: 0.4ms | Allocations: 2466)



ActionView::MissingTemplate - Missing template cats/show, application/show with {:locale=>[:en], :formats=>[:html], :variants=>[], :handlers=>[:raw, :erb, :html, :builder, :ruby]}.
Searched in:
  * "/home/vcaracol/App_Academy/Classwork/W6D5/w6_d5/ninety-nine-cats/app/views"
Did you mean?  cats/index
               /show
               layouts/application:
  app/controllers/cats_controller.rb:10:in `show'

Started POST "/__better_errors/8cd9264f7bb2119d/variables" for ::1 at 2022-09-16 15:29:10 -0700
Started GET "/cats/1" for ::1 at 2022-09-16 15:30:10 -0700
  [1m[36mActiveRecord::SchemaMigration Pluck (0.5ms)[0m  [1m[34mSELECT "schema_migrations"."version" FROM "schema_migrations" ORDER BY "schema_migrations"."version" ASC[0m
Processing by CatsController#show as HTML
  Parameters: {"id"=>"1"}
  [1m[36mCat Load (0.6ms)[0m  [1m[34mSELECT "cats".* FROM "cats" WHERE "cats"."id" = $1 LIMIT $2[0m  [["id", 1], ["LIMIT", 1]]
  ↳ app/controllers/cats_controller.rb:8:in `show'
  Rendering layout layouts/application.html.erb
  Rendering cats/show.html.erb within layouts/application
  Rendered cats/show.html.erb within layouts/application (Duration: 3.7ms | Allocations: 675)
  Rendered layout layouts/application.html.erb (Duration: 17.0ms | Allocations: 4227)
Completed 200 OK in 53ms (Views: 21.2ms | ActiveRecord: 6.1ms | Allocations: 16644)


Started GET "/cats" for ::1 at 2022-09-16 15:30:18 -0700
Processing by CatsController#index as HTML
  Rendering layout layouts/application.html.erb
  Rendering cats/index.html.erb within layouts/application
  [1m[36mCat Load (0.8ms)[0m  [1m[34mSELECT "cats".* FROM "cats"[0m
  ↳ app/views/cats/index.html.erb:3
  Rendered cats/index.html.erb within layouts/application (Duration: 7.1ms | Allocations: 934)
  Rendered layout layouts/application.html.erb (Duration: 12.7ms | Allocations: 2097)
Completed 200 OK in 14ms (Views: 13.0ms | ActiveRecord: 0.8ms | Allocations: 2428)


Started GET "/cats/2" for ::1 at 2022-09-16 15:30:22 -0700
Processing by CatsController#show as HTML
  Parameters: {"id"=>"2"}
  [1m[36mCat Load (1.1ms)[0m  [1m[34mSELECT "cats".* FROM "cats" WHERE "cats"."id" = $1 LIMIT $2[0m  [["id", 2], ["LIMIT", 1]]
  ↳ app/controllers/cats_controller.rb:8:in `show'
  Rendering layout layouts/application.html.erb
  Rendering cats/show.html.erb within layouts/application
  Rendered cats/show.html.erb within layouts/application (Duration: 0.7ms | Allocations: 55)
  Rendered layout layouts/application.html.erb (Duration: 5.5ms | Allocations: 1226)
Completed 200 OK in 19ms (Views: 13.4ms | ActiveRecord: 1.1ms | Allocations: 1962)


Started GET "/cats" for ::1 at 2022-09-16 15:30:24 -0700
Processing by CatsController#index as HTML
  Rendering layout layouts/application.html.erb
  Rendering cats/index.html.erb within layouts/application
  [1m[36mCat Load (0.3ms)[0m  [1m[34mSELECT "cats".* FROM "cats"[0m
  ↳ app/views/cats/index.html.erb:3
  Rendered cats/index.html.erb within layouts/application (Duration: 3.8ms | Allocations: 658)
  Rendered layout layouts/application.html.erb (Duration: 8.7ms | Allocations: 1828)
Completed 200 OK in 10ms (Views: 9.4ms | ActiveRecord: 0.3ms | Allocations: 2036)


Started GET "/cats/1" for ::1 at 2022-09-16 15:30:25 -0700
Processing by CatsController#show as HTML
  Parameters: {"id"=>"1"}
  [1m[36mCat Load (0.8ms)[0m  [1m[34mSELECT "cats".* FROM "cats" WHERE "cats"."id" = $1 LIMIT $2[0m  [["id", 1], ["LIMIT", 1]]
  ↳ app/controllers/cats_controller.rb:8:in `show'
  Rendering layout layouts/application.html.erb
  Rendering cats/show.html.erb within layouts/application
  Rendered cats/show.html.erb within layouts/application (Duration: 0.9ms | Allocations: 55)
  Rendered layout layouts/application.html.erb (Duration: 4.2ms | Allocations: 1232)
Completed 200 OK in 14ms (Views: 5.7ms | ActiveRecord: 0.8ms | Allocations: 1938)


Started GET "/cats" for ::1 at 2022-09-16 15:30:27 -0700
Processing by CatsController#index as HTML
  Rendering layout layouts/application.html.erb
  Rendering cats/index.html.erb within layouts/application
  [1m[36mCat Load (0.4ms)[0m  [1m[34mSELECT "cats".* FROM "cats"[0m
  ↳ app/views/cats/index.html.erb:3
  Rendered cats/index.html.erb within layouts/application (Duration: 2.1ms | Allocations: 651)
  Rendered layout layouts/application.html.erb (Duration: 3.7ms | Allocations: 1844)
Completed 200 OK in 4ms (Views: 3.8ms | ActiveRecord: 0.4ms | Allocations: 2044)


Started GET "/cats/2" for ::1 at 2022-09-16 15:30:28 -0700
Processing by CatsController#show as HTML
  Parameters: {"id"=>"2"}
  [1m[36mCat Load (0.8ms)[0m  [1m[34mSELECT "cats".* FROM "cats" WHERE "cats"."id" = $1 LIMIT $2[0m  [["id", 2], ["LIMIT", 1]]
  ↳ app/controllers/cats_controller.rb:8:in `show'
  Rendering layout layouts/application.html.erb
  Rendering cats/show.html.erb within layouts/application
  Rendered cats/show.html.erb within layouts/application (Duration: 2.2ms | Allocations: 55)
  Rendered layout layouts/application.html.erb (Duration: 7.0ms | Allocations: 1231)
Completed 200 OK in 13ms (Views: 8.6ms | ActiveRecord: 0.8ms | Allocations: 1922)


Started GET "/cats" for ::1 at 2022-09-16 15:30:29 -0700
Processing by CatsController#index as HTML
  Rendering layout layouts/application.html.erb
  Rendering cats/index.html.erb within layouts/application
  [1m[36mCat Load (0.5ms)[0m  [1m[34mSELECT "cats".* FROM "cats"[0m
  ↳ app/views/cats/index.html.erb:3
  Rendered cats/index.html.erb within layouts/application (Duration: 3.0ms | Allocations: 651)
  Rendered layout layouts/application.html.erb (Duration: 5.2ms | Allocations: 1823)
Completed 200 OK in 7ms (Views: 5.9ms | ActiveRecord: 0.5ms | Allocations: 2023)


Started GET "/cats/1" for ::1 at 2022-09-16 15:30:30 -0700
Processing by CatsController#show as HTML
  Parameters: {"id"=>"1"}
  [1m[36mCat Load (0.9ms)[0m  [1m[34mSELECT "cats".* FROM "cats" WHERE "cats"."id" = $1 LIMIT $2[0m  [["id", 1], ["LIMIT", 1]]
  ↳ app/controllers/cats_controller.rb:8:in `show'
  Rendering layout layouts/application.html.erb
  Rendering cats/show.html.erb within layouts/application
  Rendered cats/show.html.erb within layouts/application (Duration: 0.7ms | Allocations: 55)
  Rendered layout layouts/application.html.erb (Duration: 15.8ms | Allocations: 1231)
Completed 200 OK in 21ms (Views: 17.1ms | ActiveRecord: 0.9ms | Allocations: 1922)


Started GET "/cats/1" for ::1 at 2022-09-16 15:31:27 -0700
Processing by CatsController#show as HTML
  Parameters: {"id"=>"1"}
  [1m[36mCat Load (0.3ms)[0m  [1m[34mSELECT "cats".* FROM "cats" WHERE "cats"."id" = $1 LIMIT $2[0m  [["id", 1], ["LIMIT", 1]]
  ↳ app/controllers/cats_controller.rb:8:in `show'
  Rendering layout layouts/application.html.erb
  Rendering cats/show.html.erb within layouts/application
  Rendered cats/show.html.erb within layouts/application (Duration: 0.7ms | Allocations: 288)
  Rendered layout layouts/application.html.erb (Duration: 4.5ms | Allocations: 1834)
Completed 200 OK in 8ms (Views: 5.9ms | ActiveRecord: 0.3ms | Allocations: 3011)


Started GET "/cats" for ::1 at 2022-09-16 15:31:30 -0700
Processing by CatsController#index as HTML
  Rendering layout layouts/application.html.erb
  Rendering cats/index.html.erb within layouts/application
  [1m[36mCat Load (0.8ms)[0m  [1m[34mSELECT "cats".* FROM "cats"[0m
  ↳ app/views/cats/index.html.erb:3
  Rendered cats/index.html.erb within layouts/application (Duration: 6.8ms | Allocations: 871)
  Rendered layout layouts/application.html.erb (Duration: 12.7ms | Allocations: 2062)
Completed 200 OK in 15ms (Views: 13.2ms | ActiveRecord: 0.8ms | Allocations: 2337)


Started GET "/cats/1" for ::1 at 2022-09-16 15:31:31 -0700
Processing by CatsController#show as HTML
  Parameters: {"id"=>"1"}
  [1m[36mCat Load (0.7ms)[0m  [1m[34mSELECT "cats".* FROM "cats" WHERE "cats"."id" = $1 LIMIT $2[0m  [["id", 1], ["LIMIT", 1]]
  ↳ app/controllers/cats_controller.rb:8:in `show'
  Rendering layout layouts/application.html.erb
  Rendering cats/show.html.erb within layouts/application
  Rendered cats/show.html.erb within layouts/application (Duration: 0.7ms | Allocations: 55)
  Rendered layout layouts/application.html.erb (Duration: 9.9ms | Allocations: 1210)
Completed 200 OK in 15ms (Views: 11.2ms | ActiveRecord: 0.7ms | Allocations: 1929)


Started GET "/cats/1" for ::1 at 2022-09-16 15:32:17 -0700
Processing by CatsController#show as HTML
  Parameters: {"id"=>"1"}
  [1m[36mCat Load (0.2ms)[0m  [1m[34mSELECT "cats".* FROM "cats" WHERE "cats"."id" = $1 LIMIT $2[0m  [["id", 1], ["LIMIT", 1]]
  ↳ app/controllers/cats_controller.rb:8:in `show'
  Rendering layout layouts/application.html.erb
  Rendering cats/show.html.erb within layouts/application
  Rendered cats/show.html.erb within layouts/application (Duration: 1.6ms | Allocations: 285)
  Rendered layout layouts/application.html.erb (Duration: 7.5ms | Allocations: 1849)
Completed 200 OK in 11ms (Views: 9.2ms | ActiveRecord: 0.2ms | Allocations: 3027)


Started GET "/cats/1" for ::1 at 2022-09-16 15:32:18 -0700
Processing by CatsController#show as HTML
  Parameters: {"id"=>"1"}
  [1m[36mCat Load (0.3ms)[0m  [1m[34mSELECT "cats".* FROM "cats" WHERE "cats"."id" = $1 LIMIT $2[0m  [["id", 1], ["LIMIT", 1]]
  ↳ app/controllers/cats_controller.rb:8:in `show'
  Rendering layout layouts/application.html.erb
  Rendering cats/show.html.erb within layouts/application
  Rendered cats/show.html.erb within layouts/application (Duration: 0.2ms | Allocations: 55)
  Rendered layout layouts/application.html.erb (Duration: 3.6ms | Allocations: 1216)
Completed 200 OK in 6ms (Views: 4.1ms | ActiveRecord: 0.3ms | Allocations: 1992)


Started GET "/cats/1" for ::1 at 2022-09-16 15:32:28 -0700
Processing by CatsController#show as HTML
  Parameters: {"id"=>"1"}
  [1m[36mCat Load (0.2ms)[0m  [1m[34mSELECT "cats".* FROM "cats" WHERE "cats"."id" = $1 LIMIT $2[0m  [["id", 1], ["LIMIT", 1]]
  ↳ app/controllers/cats_controller.rb:8:in `show'
  Rendering layout layouts/application.html.erb
  Rendering cats/show.html.erb within layouts/application
  Rendered cats/show.html.erb within layouts/application (Duration: 1.6ms | Allocations: 288)
  Rendered layout layouts/application.html.erb (Duration: 4.2ms | Allocations: 1826)
Completed 200 OK in 8ms (Views: 6.4ms | ActiveRecord: 0.2ms | Allocations: 3004)


Started GET "/cats/1" for ::1 at 2022-09-16 15:32:54 -0700
Processing by CatsController#show as HTML
  Parameters: {"id"=>"1"}
  [1m[36mCat Load (0.2ms)[0m  [1m[34mSELECT "cats".* FROM "cats" WHERE "cats"."id" = $1 LIMIT $2[0m  [["id", 1], ["LIMIT", 1]]
  ↳ app/controllers/cats_controller.rb:8:in `show'
  Rendering layout layouts/application.html.erb
  Rendering cats/show.html.erb within layouts/application
  Rendered cats/show.html.erb within layouts/application (Duration: 0.9ms | Allocations: 285)
  Rendered layout layouts/application.html.erb (Duration: 5.9ms | Allocations: 1858)
Completed 200 OK in 10ms (Views: 7.9ms | ActiveRecord: 0.2ms | Allocations: 3122)


